-------------------------------------------------------------------------------
Test set: com.dgp_test.msvc_employees.MsvcEmployeesApplicationTests
-------------------------------------------------------------------------------
Tests run: 1, Failures: 0, Errors: 1, Skipped: 0, Time elapsed: 15.676 s <<< FAILURE! - in com.dgp_test.msvc_employees.MsvcEmployeesApplicationTests
contextLoads  Time elapsed: 0.012 s  <<< ERROR!
java.lang.IllegalStateException: Failed to load ApplicationContext
Caused by: org.springframework.beans.factory.BeanCreationException: 
Error creating bean with name 'compositeCompatibilityVerifier' defined in class path resource [org/springframework/cloud/configuration/CompatibilityVerifierAutoConfiguration.class]: Bean instantiation via factory method failed; nested exception is org.springframework.beans.BeanInstantiationException: Failed to instantiate [org.springframework.cloud.configuration.CompositeCompatibilityVerifier]: Factory method 'compositeCompatibilityVerifier' threw exception; nested exception is org.springframework.cloud.configuration.CompatibilityNotMetException: Spring Cloud/ Spring Boot version compatibility checks have failed: [[VerificationResult@2100d881 description = 'Spring Boot [2.7.18] is not compatible with this Spring Cloud release train', action = 'Change Spring Boot version to one of the following versions [3.4.x] .
You can find the latest Spring Boot versions here [https://spring.io/projects/spring-boot#learn]. 
If you want to learn more about the Spring Cloud Release train compatibility, you can visit this page [https://spring.io/projects/spring-cloud#overview] and check the [Release Trains] section.
If you want to disable this check, just set the property [spring.cloud.compatibility-verifier.enabled=false]']]
Caused by: org.springframework.beans.BeanInstantiationException: 
Failed to instantiate [org.springframework.cloud.configuration.CompositeCompatibilityVerifier]: Factory method 'compositeCompatibilityVerifier' threw exception; nested exception is org.springframework.cloud.configuration.CompatibilityNotMetException: Spring Cloud/ Spring Boot version compatibility checks have failed: [[VerificationResult@2100d881 description = 'Spring Boot [2.7.18] is not compatible with this Spring Cloud release train', action = 'Change Spring Boot version to one of the following versions [3.4.x] .
You can find the latest Spring Boot versions here [https://spring.io/projects/spring-boot#learn]. 
If you want to learn more about the Spring Cloud Release train compatibility, you can visit this page [https://spring.io/projects/spring-cloud#overview] and check the [Release Trains] section.
If you want to disable this check, just set the property [spring.cloud.compatibility-verifier.enabled=false]']]
Caused by: org.springframework.cloud.configuration.CompatibilityNotMetException: 
Spring Cloud/ Spring Boot version compatibility checks have failed: [[VerificationResult@2100d881 description = 'Spring Boot [2.7.18] is not compatible with this Spring Cloud release train', action = 'Change Spring Boot version to one of the following versions [3.4.x] .
You can find the latest Spring Boot versions here [https://spring.io/projects/spring-boot#learn]. 
If you want to learn more about the Spring Cloud Release train compatibility, you can visit this page [https://spring.io/projects/spring-cloud#overview] and check the [Release Trains] section.
If you want to disable this check, just set the property [spring.cloud.compatibility-verifier.enabled=false]']]

